
2025-07-23 10:12:25[Istance a851ddba691c787a74f10b2c177ac320] lockFile:/var/www/vhosts/techmakers.it/applications.techmakers.it/dynamicpricing/misc/tmp/a851ddba691c787a74f10b2c177ac320.lock 

2025-07-23 10:12:25[Istance a851ddba691c787a74f10b2c177ac320] Background script launch 2025-07-23 10:12:25 

2025-07-23 10:12:25[Istance a851ddba691c787a74f10b2c177ac320] Restarting script: http://applications.techmakers.it/dynamicpricing/?fnapp=cron&42a1420acfe326840a53388534d16b93=1&18f870454e310193898495de30d815eb=1&dfcf0a3b65ea25d02845cfeb8ff22675=1&a851ddba691c787a74f10b2c177ac320=1 

2025-07-23 10:12:25[Istance a851ddba691c787a74f10b2c177ac320] callUrl:http://applications.techmakers.it/dynamicpricing/?fnapp=cron&42a1420acfe326840a53388534d16b93=1&18f870454e310193898495de30d815eb=1&dfcf0a3b65ea25d02845cfeb8ff22675=1&a851ddba691c787a74f10b2c177ac320=1 

2025-07-23 10:12:26[Istance ae4399f4656440313aad4c23bbfa65c9] Set max_execution_time to 150 seconds 

2025-07-23 10:12:26[Istance ae4399f4656440313aad4c23bbfa65c9] lockFile:/var/www/vhosts/techmakers.it/applications.techmakers.it/dynamicpricing/misc/tmp/ae4399f4656440313aad4c23bbfa65c9.lock 

2025-07-23 10:12:26[Istance ae4399f4656440313aad4c23bbfa65c9] Background script launch 2025-07-23 10:12:26 

2025-07-23 10:12:26[Istance ae4399f4656440313aad4c23bbfa65c9] Restarting script: http://applications.techmakers.it/dynamicpricing/?fnapp=cron&ae4399f4656440313aad4c23bbfa65c9=1 

2025-07-23 10:12:26[Istance ae4399f4656440313aad4c23bbfa65c9] callUrl:http://applications.techmakers.it/dynamicpricing/?fnapp=cron&ae4399f4656440313aad4c23bbfa65c9=1 

2025-07-23 10:12:27[Istance 42a1420acfe326840a53388534d16b93] Set max_execution_time to 150 seconds 

2025-07-23 10:12:27[Istance 42a1420acfe326840a53388534d16b93] lockFile:/var/www/vhosts/techmakers.it/applications.techmakers.it/dynamicpricing/misc/tmp/42a1420acfe326840a53388534d16b93.lock 

2025-07-23 10:12:27[Istance 42a1420acfe326840a53388534d16b93] Background script launch 2025-07-23 10:12:27 

2025-07-23 10:12:27[Istance 42a1420acfe326840a53388534d16b93] Restarting script: http://applications.techmakers.it/dynamicpricing/?fnapp=cron&42a1420acfe326840a53388534d16b93=1 

2025-07-23 10:12:27[Istance 42a1420acfe326840a53388534d16b93] callUrl:http://applications.techmakers.it/dynamicpricing/?fnapp=cron&42a1420acfe326840a53388534d16b93=1 

2025-07-23 10:12:28[Istance a851ddba691c787a74f10b2c177ac320] lockFile:/var/www/vhosts/techmakers.it/applications.techmakers.it/dynamicpricing/misc/tmp/a851ddba691c787a74f10b2c177ac320.lock 

2025-07-23 10:12:28[Istance a851ddba691c787a74f10b2c177ac320] Background script launch 2025-07-23 10:12:28 

2025-07-23 10:12:28[Istance a851ddba691c787a74f10b2c177ac320] Restarting script: http://applications.techmakers.it/dynamicpricing/?fnapp=cron&ae4399f4656440313aad4c23bbfa65c9=1&a851ddba691c787a74f10b2c177ac320=1 

2025-07-23 10:12:28[Istance a851ddba691c787a74f10b2c177ac320] callUrl:http://applications.techmakers.it/dynamicpricing/?fnapp=cron&ae4399f4656440313aad4c23bbfa65c9=1&a851ddba691c787a74f10b2c177ac320=1 

2025-07-23 10:12:29[Istance 2dddeec5f84a27593c0387be2ffee1ba] Set max_execution_time to 150 seconds 

2025-07-23 10:12:29[Istance 2dddeec5f84a27593c0387be2ffee1ba] lockFile:/var/www/vhosts/techmakers.it/applications.techmakers.it/dynamicpricing/misc/tmp/2dddeec5f84a27593c0387be2ffee1ba.lock 

2025-07-23 10:12:29[Istance 2dddeec5f84a27593c0387be2ffee1ba] Background script launch 2025-07-23 10:12:29 

2025-07-23 10:12:29[Istance 2dddeec5f84a27593c0387be2ffee1ba] Restarting script: http://applications.techmakers.it/dynamicpricing/?fnapp=cron&ae4399f4656440313aad4c23bbfa65c9=1&2dddeec5f84a27593c0387be2ffee1ba=1 

2025-07-23 10:12:29[Istance 2dddeec5f84a27593c0387be2ffee1ba] callUrl:http://applications.techmakers.it/dynamicpricing/?fnapp=cron&ae4399f4656440313aad4c23bbfa65c9=1&2dddeec5f84a27593c0387be2ffee1ba=1 

2025-07-23 10:12:30[Istance dfcf0a3b65ea25d02845cfeb8ff22675] remainingTime < this->restartThreshold 

2025-07-23 10:12:30[Istance dfcf0a3b65ea25d02845cfeb8ff22675] Restarting script: http://applications.techmakers.it/dynamicpricing/?fnapp=cron&42a1420acfe326840a53388534d16b93=1&18f870454e310193898495de30d815eb=1&e0f577835a292821650af577de05a630=1&dfcf0a3b65ea25d02845cfeb8ff22675=1 

2025-07-23 10:12:30[Istance dfcf0a3b65ea25d02845cfeb8ff22675] callUrl:http://applications.techmakers.it/dynamicpricing/?fnapp=cron&42a1420acfe326840a53388534d16b93=1&18f870454e310193898495de30d815eb=1&e0f577835a292821650af577de05a630=1&dfcf0a3b65ea25d02845cfeb8ff22675=1 

2025-07-23 10:12:30[Istance dfcf0a3b65ea25d02845cfeb8ff22675] Set max_execution_time to 150 seconds 

2025-07-23 10:12:30[Istance dfcf0a3b65ea25d02845cfeb8ff22675] lockFile:/var/www/vhosts/techmakers.it/applications.techmakers.it/dynamicpricing/misc/tmp/dfcf0a3b65ea25d02845cfeb8ff22675.lock 

2025-07-23 10:12:30[Istance dfcf0a3b65ea25d02845cfeb8ff22675] Background script launch 2025-07-23 10:12:30 

2025-07-23 10:12:30[Istance dfcf0a3b65ea25d02845cfeb8ff22675] Restarting script: http://applications.techmakers.it/dynamicpricing/?fnapp=cron&ae4399f4656440313aad4c23bbfa65c9=1&dfcf0a3b65ea25d02845cfeb8ff22675=1 

2025-07-23 10:12:30[Istance dfcf0a3b65ea25d02845cfeb8ff22675] callUrl:http://applications.techmakers.it/dynamicpricing/?fnapp=cron&ae4399f4656440313aad4c23bbfa65c9=1&dfcf0a3b65ea25d02845cfeb8ff22675=1 

2025-07-23 10:12:31[Istance a851ddba691c787a74f10b2c177ac320] lockFile:/var/www/vhosts/techmakers.it/applications.techmakers.it/dynamicpricing/misc/tmp/a851ddba691c787a74f10b2c177ac320.lock 

2025-07-23 10:12:31[Istance a851ddba691c787a74f10b2c177ac320] Istance a851ddba691c787a74f10b2c177ac320 2025-07-23 10:12:31 

2025-07-23 10:12:31[Istance a851ddba691c787a74f10b2c177ac320] Script is already running 

2025-07-23 10:12:31[Istance a851ddba691c787a74f10b2c177ac320] lockFile:/var/www/vhosts/techmakers.it/applications.techmakers.it/dynamicpricing/misc/tmp/a851ddba691c787a74f10b2c177ac320.lock 

2025-07-23 10:12:31[Istance a851ddba691c787a74f10b2c177ac320] Istance a851ddba691c787a74f10b2c177ac320 2025-07-23 10:12:31 

2025-07-23 10:12:31[Istance a851ddba691c787a74f10b2c177ac320] Script is already running 

2025-07-23 10:12:31[Istance a851ddba691c787a74f10b2c177ac320] lockFile:/var/www/vhosts/techmakers.it/applications.techmakers.it/dynamicpricing/misc/tmp/a851ddba691c787a74f10b2c177ac320.lock 

2025-07-23 10:12:31[Istance a851ddba691c787a74f10b2c177ac320] Background script launch 2025-07-23 10:12:31 

2025-07-23 10:12:31[Istance a851ddba691c787a74f10b2c177ac320] Restarting script: http://applications.techmakers.it/dynamicpricing/?fnapp=cron&42a1420acfe326840a53388534d16b93=1&ae4399f4656440313aad4c23bbfa65c9=1&2dddeec5f84a27593c0387be2ffee1ba=1&a851ddba691c787a74f10b2c177ac320=1 

2025-07-23 10:12:31[Istance a851ddba691c787a74f10b2c177ac320] callUrl:http://applications.techmakers.it/dynamicpricing/?fnapp=cron&42a1420acfe326840a53388534d16b93=1&ae4399f4656440313aad4c23bbfa65c9=1&2dddeec5f84a27593c0387be2ffee1ba=1&a851ddba691c787a74f10b2c177ac320=1 

2025-07-23 10:12:31[Istance e0f577835a292821650af577de05a630] Set max_execution_time to 150 seconds 

2025-07-23 10:12:31[Istance e0f577835a292821650af577de05a630] lockFile:/var/www/vhosts/techmakers.it/applications.techmakers.it/dynamicpricing/misc/tmp/e0f577835a292821650af577de05a630.lock 

2025-07-23 10:12:31[Istance e0f577835a292821650af577de05a630] Background script launch 2025-07-23 10:12:31 

2025-07-23 10:12:31[Istance e0f577835a292821650af577de05a630] Restarting script: http://applications.techmakers.it/dynamicpricing/?fnapp=cron&ae4399f4656440313aad4c23bbfa65c9=1&e0f577835a292821650af577de05a630=1 

2025-07-23 10:12:31[Istance e0f577835a292821650af577de05a630] callUrl:http://applications.techmakers.it/dynamicpricing/?fnapp=cron&ae4399f4656440313aad4c23bbfa65c9=1&e0f577835a292821650af577de05a630=1 

2025-07-23 10:12:32[Istance 2dddeec5f84a27593c0387be2ffee1ba] Set max_execution_time to 150 seconds 

2025-07-23 10:12:32[Istance 2dddeec5f84a27593c0387be2ffee1ba] lockFile:/var/www/vhosts/techmakers.it/applications.techmakers.it/dynamicpricing/misc/tmp/2dddeec5f84a27593c0387be2ffee1ba.lock 

2025-07-23 10:12:32[Istance 2dddeec5f84a27593c0387be2ffee1ba] Istance 2dddeec5f84a27593c0387be2ffee1ba 2025-07-23 10:12:32 

2025-07-23 10:12:32[Istance 2dddeec5f84a27593c0387be2ffee1ba] Script is already running 

2025-07-23 10:12:32[Istance a851ddba691c787a74f10b2c177ac320] lockFile:/var/www/vhosts/techmakers.it/applications.techmakers.it/dynamicpricing/misc/tmp/a851ddba691c787a74f10b2c177ac320.lock 

2025-07-23 10:12:32[Istance a851ddba691c787a74f10b2c177ac320] Background script launch 2025-07-23 10:12:32 

2025-07-23 10:12:32[Istance a851ddba691c787a74f10b2c177ac320] Restarting script: http://applications.techmakers.it/dynamicpricing/?fnapp=cron&42a1420acfe326840a53388534d16b93=1&a851ddba691c787a74f10b2c177ac320=1 

2025-07-23 10:12:32[Istance a851ddba691c787a74f10b2c177ac320] callUrl:http://applications.techmakers.it/dynamicpricing/?fnapp=cron&42a1420acfe326840a53388534d16b93=1&a851ddba691c787a74f10b2c177ac320=1 

2025-07-23 10:12:32[Istance 18f870454e310193898495de30d815eb] Set max_execution_time to 150 seconds 

2025-07-23 10:12:32[Istance 18f870454e310193898495de30d815eb] lockFile:/var/www/vhosts/techmakers.it/applications.techmakers.it/dynamicpricing/misc/tmp/18f870454e310193898495de30d815eb.lock 

2025-07-23 10:12:32[Istance 18f870454e310193898495de30d815eb] Background script launch 2025-07-23 10:12:32 

2025-07-23 10:12:32[Istance 18f870454e310193898495de30d815eb] Restarting script: http://applications.techmakers.it/dynamicpricing/?fnapp=cron&ae4399f4656440313aad4c23bbfa65c9=1&18f870454e310193898495de30d815eb=1 

2025-07-23 10:12:32[Istance 18f870454e310193898495de30d815eb] callUrl:http://applications.techmakers.it/dynamicpricing/?fnapp=cron&ae4399f4656440313aad4c23bbfa65c9=1&18f870454e310193898495de30d815eb=1 

2025-07-23 10:12:33[Istance 2dddeec5f84a27593c0387be2ffee1ba] Set max_execution_time to 150 seconds 

2025-07-23 10:12:33[Istance 2dddeec5f84a27593c0387be2ffee1ba] lockFile:/var/www/vhosts/techmakers.it/applications.techmakers.it/dynamicpricing/misc/tmp/2dddeec5f84a27593c0387be2ffee1ba.lock 

2025-07-23 10:12:33[Istance 2dddeec5f84a27593c0387be2ffee1ba] Background script launch 2025-07-23 10:12:33 

2025-07-23 10:12:33[Istance 2dddeec5f84a27593c0387be2ffee1ba] Restarting script: http://applications.techmakers.it/dynamicpricing/?fnapp=cron&42a1420acfe326840a53388534d16b93=1&2dddeec5f84a27593c0387be2ffee1ba=1 

2025-07-23 10:12:33[Istance 2dddeec5f84a27593c0387be2ffee1ba] callUrl:http://applications.techmakers.it/dynamicpricing/?fnapp=cron&42a1420acfe326840a53388534d16b93=1&2dddeec5f84a27593c0387be2ffee1ba=1 

2025-07-23 10:12:33[Istance ae4399f4656440313aad4c23bbfa65c9] Set max_execution_time to 150 seconds 

2025-07-23 10:12:33[Istance ae4399f4656440313aad4c23bbfa65c9] lockFile:/var/www/vhosts/techmakers.it/applications.techmakers.it/dynamicpricing/misc/tmp/ae4399f4656440313aad4c23bbfa65c9.lock 

2025-07-23 10:12:33[Istance ae4399f4656440313aad4c23bbfa65c9] Istance ae4399f4656440313aad4c23bbfa65c9 2025-07-23 10:12:33 

2025-07-23 10:12:33[Istance ae4399f4656440313aad4c23bbfa65c9] Script is already running 

2025-07-23 10:12:33[Istance a851ddba691c787a74f10b2c177ac320] lockFile:/var/www/vhosts/techmakers.it/applications.techmakers.it/dynamicpricing/misc/tmp/a851ddba691c787a74f10b2c177ac320.lock 

2025-07-23 10:12:33[Istance a851ddba691c787a74f10b2c177ac320] Background script launch 2025-07-23 10:12:33 

2025-07-23 10:12:33[Istance a851ddba691c787a74f10b2c177ac320] Restarting script: http://applications.techmakers.it/dynamicpricing/?fnapp=cron&42a1420acfe326840a53388534d16b93=1&ae4399f4656440313aad4c23bbfa65c9=1&dfcf0a3b65ea25d02845cfeb8ff22675=1&a851ddba691c787a74f10b2c177ac320=1 

2025-07-23 10:12:33[Istance a851ddba691c787a74f10b2c177ac320] callUrl:http://applications.techmakers.it/dynamicpricing/?fnapp=cron&42a1420acfe326840a53388534d16b93=1&ae4399f4656440313aad4c23bbfa65c9=1&dfcf0a3b65ea25d02845cfeb8ff22675=1&a851ddba691c787a74f10b2c177ac320=1 

2025-07-23 10:12:34[Istance dfcf0a3b65ea25d02845cfeb8ff22675] Set max_execution_time to 150 seconds 

2025-07-23 10:12:34[Istance dfcf0a3b65ea25d02845cfeb8ff22675] lockFile:/var/www/vhosts/techmakers.it/applications.techmakers.it/dynamicpricing/misc/tmp/dfcf0a3b65ea25d02845cfeb8ff22675.lock 

2025-07-23 10:12:34[Istance dfcf0a3b65ea25d02845cfeb8ff22675] Background script launch 2025-07-23 10:12:34 

2025-07-23 10:12:34[Istance dfcf0a3b65ea25d02845cfeb8ff22675] Restarting script: http://applications.techmakers.it/dynamicpricing/?fnapp=cron&42a1420acfe326840a53388534d16b93=1&dfcf0a3b65ea25d02845cfeb8ff22675=1 

2025-07-23 10:12:34[Istance dfcf0a3b65ea25d02845cfeb8ff22675] callUrl:http://applications.techmakers.it/dynamicpricing/?fnapp=cron&42a1420acfe326840a53388534d16b93=1&dfcf0a3b65ea25d02845cfeb8ff22675=1 

2025-07-23 10:12:34[Istance 2dddeec5f84a27593c0387be2ffee1ba] Set max_execution_time to 150 seconds 

2025-07-23 10:12:34[Istance 2dddeec5f84a27593c0387be2ffee1ba] lockFile:/var/www/vhosts/techmakers.it/applications.techmakers.it/dynamicpricing/misc/tmp/2dddeec5f84a27593c0387be2ffee1ba.lock 

2025-07-23 10:12:34[Istance 2dddeec5f84a27593c0387be2ffee1ba] Background script launch 2025-07-23 10:12:34 

2025-07-23 10:12:34[Istance 2dddeec5f84a27593c0387be2ffee1ba] Restarting script: http://applications.techmakers.it/dynamicpricing/?fnapp=cron&42a1420acfe326840a53388534d16b93=1&ae4399f4656440313aad4c23bbfa65c9=1&dfcf0a3b65ea25d02845cfeb8ff22675=1&2dddeec5f84a27593c0387be2ffee1ba=1 

2025-07-23 10:12:34[Istance 2dddeec5f84a27593c0387be2ffee1ba] callUrl:http://applications.techmakers.it/dynamicpricing/?fnapp=cron&42a1420acfe326840a53388534d16b93=1&ae4399f4656440313aad4c23bbfa65c9=1&dfcf0a3b65ea25d02845cfeb8ff22675=1&2dddeec5f84a27593c0387be2ffee1ba=1 

2025-07-23 10:12:35[Istance e0f577835a292821650af577de05a630] Set max_execution_time to 150 seconds 

2025-07-23 10:12:35[Istance e0f577835a292821650af577de05a630] lockFile:/var/www/vhosts/techmakers.it/applications.techmakers.it/dynamicpricing/misc/tmp/e0f577835a292821650af577de05a630.lock 

2025-07-23 10:12:35[Istance e0f577835a292821650af577de05a630] Background script launch 2025-07-23 10:12:35 

2025-07-23 10:12:35[Istance e0f577835a292821650af577de05a630] Restarting script: http://applications.techmakers.it/dynamicpricing/?fnapp=cron&42a1420acfe326840a53388534d16b93=1&e0f577835a292821650af577de05a630=1 

2025-07-23 10:12:35[Istance e0f577835a292821650af577de05a630] callUrl:http://applications.techmakers.it/dynamicpricing/?fnapp=cron&42a1420acfe326840a53388534d16b93=1&e0f577835a292821650af577de05a630=1 

2025-07-23 10:12:35[Istance dfcf0a3b65ea25d02845cfeb8ff22675] Set max_execution_time to 150 seconds 

2025-07-23 10:12:35[Istance dfcf0a3b65ea25d02845cfeb8ff22675] lockFile:/var/www/vhosts/techmakers.it/applications.techmakers.it/dynamicpricing/misc/tmp/dfcf0a3b65ea25d02845cfeb8ff22675.lock 

2025-07-23 10:12:35[Istance dfcf0a3b65ea25d02845cfeb8ff22675] Istance dfcf0a3b65ea25d02845cfeb8ff22675 2025-07-23 10:12:35 

2025-07-23 10:12:35[Istance dfcf0a3b65ea25d02845cfeb8ff22675] Script avviato 2025-07-23 10:12:35 

2025-07-23 10:12:36[Istance e0f577835a292821650af577de05a630] remainingTime < this->restartThreshold 

2025-07-23 10:12:36[Istance e0f577835a292821650af577de05a630] Restarting script: http://applications.techmakers.it/dynamicpricing/?fnapp=cron&18f870454e310193898495de30d815eb=1&e0f577835a292821650af577de05a630=1 

2025-07-23 10:12:36[Istance e0f577835a292821650af577de05a630] callUrl:http://applications.techmakers.it/dynamicpricing/?fnapp=cron&18f870454e310193898495de30d815eb=1&e0f577835a292821650af577de05a630=1 

2025-07-23 10:12:36[Istance 18f870454e310193898495de30d815eb] Set max_execution_time to 150 seconds 

2025-07-23 10:12:36[Istance 18f870454e310193898495de30d815eb] lockFile:/var/www/vhosts/techmakers.it/applications.techmakers.it/dynamicpricing/misc/tmp/18f870454e310193898495de30d815eb.lock 

2025-07-23 10:12:36[Istance 18f870454e310193898495de30d815eb] Background script launch 2025-07-23 10:12:36 

2025-07-23 10:12:36[Istance 18f870454e310193898495de30d815eb] Restarting script: http://applications.techmakers.it/dynamicpricing/?fnapp=cron&42a1420acfe326840a53388534d16b93=1&18f870454e310193898495de30d815eb=1 

2025-07-23 10:12:36[Istance 18f870454e310193898495de30d815eb] callUrl:http://applications.techmakers.it/dynamicpricing/?fnapp=cron&42a1420acfe326840a53388534d16b93=1&18f870454e310193898495de30d815eb=1 

2025-07-23 10:12:37[Istance a851ddba691c787a74f10b2c177ac320] lockFile:/var/www/vhosts/techmakers.it/applications.techmakers.it/dynamicpricing/misc/tmp/a851ddba691c787a74f10b2c177ac320.lock 

2025-07-23 10:12:37[Istance a851ddba691c787a74f10b2c177ac320] Istance a851ddba691c787a74f10b2c177ac320 2025-07-23 10:12:37 

2025-07-23 10:12:37[Istance a851ddba691c787a74f10b2c177ac320] Script is already running 

2025-07-23 10:12:37[Istance a851ddba691c787a74f10b2c177ac320] lockFile:/var/www/vhosts/techmakers.it/applications.techmakers.it/dynamicpricing/misc/tmp/a851ddba691c787a74f10b2c177ac320.lock 

2025-07-23 10:12:37[Istance a851ddba691c787a74f10b2c177ac320] Background script launch 2025-07-23 10:12:37 

2025-07-23 10:12:37[Istance a851ddba691c787a74f10b2c177ac320] Restarting script: http://applications.techmakers.it/dynamicpricing/?fnapp=cron&42a1420acfe326840a53388534d16b93=1&ae4399f4656440313aad4c23bbfa65c9=1&e0f577835a292821650af577de05a630=1&a851ddba691c787a74f10b2c177ac320=1 

2025-07-23 10:12:37[Istance a851ddba691c787a74f10b2c177ac320] callUrl:http://applications.techmakers.it/dynamicpricing/?fnapp=cron&42a1420acfe326840a53388534d16b93=1&ae4399f4656440313aad4c23bbfa65c9=1&e0f577835a292821650af577de05a630=1&a851ddba691c787a74f10b2c177ac320=1 

2025-07-23 10:12:37[Istance ae4399f4656440313aad4c23bbfa65c9] Set max_execution_time to 150 seconds 

2025-07-23 10:12:37[Istance ae4399f4656440313aad4c23bbfa65c9] lockFile:/var/www/vhosts/techmakers.it/applications.techmakers.it/dynamicpricing/misc/tmp/ae4399f4656440313aad4c23bbfa65c9.lock 

2025-07-23 10:12:37[Istance ae4399f4656440313aad4c23bbfa65c9] Background script launch 2025-07-23 10:12:37 

2025-07-23 10:12:37[Istance ae4399f4656440313aad4c23bbfa65c9] Restarting script: http://applications.techmakers.it/dynamicpricing/?fnapp=cron&42a1420acfe326840a53388534d16b93=1&ae4399f4656440313aad4c23bbfa65c9=1 

2025-07-23 10:12:37[Istance ae4399f4656440313aad4c23bbfa65c9] callUrl:http://applications.techmakers.it/dynamicpricing/?fnapp=cron&42a1420acfe326840a53388534d16b93=1&ae4399f4656440313aad4c23bbfa65c9=1 

2025-07-23 10:12:38[Istance 2dddeec5f84a27593c0387be2ffee1ba] Set max_execution_time to 150 seconds 

2025-07-23 10:12:38[Istance 2dddeec5f84a27593c0387be2ffee1ba] lockFile:/var/www/vhosts/techmakers.it/applications.techmakers.it/dynamicpricing/misc/tmp/2dddeec5f84a27593c0387be2ffee1ba.lock 

2025-07-23 10:12:38[Istance 2dddeec5f84a27593c0387be2ffee1ba] Background script launch 2025-07-23 10:12:38 

2025-07-23 10:12:38[Istance 2dddeec5f84a27593c0387be2ffee1ba] Restarting script: http://applications.techmakers.it/dynamicpricing/?fnapp=cron&42a1420acfe326840a53388534d16b93=1&ae4399f4656440313aad4c23bbfa65c9=1&e0f577835a292821650af577de05a630=1&2dddeec5f84a27593c0387be2ffee1ba=1 

2025-07-23 10:12:38[Istance 2dddeec5f84a27593c0387be2ffee1ba] callUrl:http://applications.techmakers.it/dynamicpricing/?fnapp=cron&42a1420acfe326840a53388534d16b93=1&ae4399f4656440313aad4c23bbfa65c9=1&e0f577835a292821650af577de05a630=1&2dddeec5f84a27593c0387be2ffee1ba=1 

2025-07-23 10:12:38[Istance 42a1420acfe326840a53388534d16b93] Set max_execution_time to 150 seconds 

2025-07-23 10:12:38[Istance 42a1420acfe326840a53388534d16b93] lockFile:/var/www/vhosts/techmakers.it/applications.techmakers.it/dynamicpricing/misc/tmp/42a1420acfe326840a53388534d16b93.lock 

2025-07-23 10:12:38[Istance 42a1420acfe326840a53388534d16b93] Istance 42a1420acfe326840a53388534d16b93 2025-07-23 10:12:38 

2025-07-23 10:12:38[Istance 42a1420acfe326840a53388534d16b93] Script is already running 

2025-07-23 10:12:38[Istance a851ddba691c787a74f10b2c177ac320] lockFile:/var/www/vhosts/techmakers.it/applications.techmakers.it/dynamicpricing/misc/tmp/a851ddba691c787a74f10b2c177ac320.lock 

2025-07-23 10:12:38[Istance a851ddba691c787a74f10b2c177ac320] Background script launch 2025-07-23 10:12:38 

2025-07-23 10:12:38[Istance a851ddba691c787a74f10b2c177ac320] Restarting script: http://applications.techmakers.it/dynamicpricing/?fnapp=cron&dfcf0a3b65ea25d02845cfeb8ff22675=1&2dddeec5f84a27593c0387be2ffee1ba=1&a851ddba691c787a74f10b2c177ac320=1 

2025-07-23 10:12:38[Istance a851ddba691c787a74f10b2c177ac320] callUrl:http://applications.techmakers.it/dynamicpricing/?fnapp=cron&dfcf0a3b65ea25d02845cfeb8ff22675=1&2dddeec5f84a27593c0387be2ffee1ba=1&a851ddba691c787a74f10b2c177ac320=1 

2025-07-23 10:12:39[Istance dfcf0a3b65ea25d02845cfeb8ff22675] Set max_execution_time to 150 seconds 

2025-07-23 10:12:39[Istance dfcf0a3b65ea25d02845cfeb8ff22675] lockFile:/var/www/vhosts/techmakers.it/applications.techmakers.it/dynamicpricing/misc/tmp/dfcf0a3b65ea25d02845cfeb8ff22675.lock 

2025-07-23 10:12:39[Istance dfcf0a3b65ea25d02845cfeb8ff22675] Background script launch 2025-07-23 10:12:39 

2025-07-23 10:12:39[Istance dfcf0a3b65ea25d02845cfeb8ff22675] Restarting script: http://applications.techmakers.it/dynamicpricing/?fnapp=cron&42a1420acfe326840a53388534d16b93=1&ae4399f4656440313aad4c23bbfa65c9=1&e0f577835a292821650af577de05a630=1&dfcf0a3b65ea25d02845cfeb8ff22675=1 

2025-07-23 10:12:39[Istance dfcf0a3b65ea25d02845cfeb8ff22675] callUrl:http://applications.techmakers.it/dynamicpricing/?fnapp=cron&42a1420acfe326840a53388534d16b93=1&ae4399f4656440313aad4c23bbfa65c9=1&e0f577835a292821650af577de05a630=1&dfcf0a3b65ea25d02845cfeb8ff22675=1 

2025-07-23 10:12:39[Istance 2dddeec5f84a27593c0387be2ffee1ba] Set max_execution_time to 150 seconds 

2025-07-23 10:12:39[Istance 2dddeec5f84a27593c0387be2ffee1ba] lockFile:/var/www/vhosts/techmakers.it/applications.techmakers.it/dynamicpricing/misc/tmp/2dddeec5f84a27593c0387be2ffee1ba.lock 

2025-07-23 10:12:39[Istance 2dddeec5f84a27593c0387be2ffee1ba] Istance 2dddeec5f84a27593c0387be2ffee1ba 2025-07-23 10:12:39 

2025-07-23 10:12:39[Istance 2dddeec5f84a27593c0387be2ffee1ba] Script is already running 

2025-07-23 10:12:39[Istance a851ddba691c787a74f10b2c177ac320] lockFile:/var/www/vhosts/techmakers.it/applications.techmakers.it/dynamicpricing/misc/tmp/a851ddba691c787a74f10b2c177ac320.lock 

2025-07-23 10:12:39[Istance a851ddba691c787a74f10b2c177ac320] Background script launch 2025-07-23 10:12:39 

2025-07-23 10:12:39[Istance a851ddba691c787a74f10b2c177ac320] Restarting script: http://applications.techmakers.it/dynamicpricing/?fnapp=cron&42a1420acfe326840a53388534d16b93=1&ae4399f4656440313aad4c23bbfa65c9=1&18f870454e310193898495de30d815eb=1&a851ddba691c787a74f10b2c177ac320=1 

2025-07-23 10:12:39[Istance a851ddba691c787a74f10b2c177ac320] callUrl:http://applications.techmakers.it/dynamicpricing/?fnapp=cron&42a1420acfe326840a53388534d16b93=1&ae4399f4656440313aad4c23bbfa65c9=1&18f870454e310193898495de30d815eb=1&a851ddba691c787a74f10b2c177ac320=1 

2025-07-23 10:12:40[Istance e0f577835a292821650af577de05a630] Set max_execution_time to 150 seconds 

2025-07-23 10:12:40[Istance e0f577835a292821650af577de05a630] lockFile:/var/www/vhosts/techmakers.it/applications.techmakers.it/dynamicpricing/misc/tmp/e0f577835a292821650af577de05a630.lock 

2025-07-23 10:12:40[Istance e0f577835a292821650af577de05a630] Istance e0f577835a292821650af577de05a630 2025-07-23 10:12:40 

2025-07-23 10:12:40[Istance e0f577835a292821650af577de05a630] Script avviato 2025-07-23 10:12:40 

2025-07-23 10:12:40[Istance 2dddeec5f84a27593c0387be2ffee1ba] Set max_execution_time to 150 seconds 

2025-07-23 10:12:40[Istance 2dddeec5f84a27593c0387be2ffee1ba] lockFile:/var/www/vhosts/techmakers.it/applications.techmakers.it/dynamicpricing/misc/tmp/2dddeec5f84a27593c0387be2ffee1ba.lock 

2025-07-23 10:12:40[Istance 2dddeec5f84a27593c0387be2ffee1ba] Background script launch 2025-07-23 10:12:40 

2025-07-23 10:12:40[Istance 2dddeec5f84a27593c0387be2ffee1ba] Restarting script: http://applications.techmakers.it/dynamicpricing/?fnapp=cron&42a1420acfe326840a53388534d16b93=1&ae4399f4656440313aad4c23bbfa65c9=1&18f870454e310193898495de30d815eb=1&2dddeec5f84a27593c0387be2ffee1ba=1 

2025-07-23 10:12:40[Istance 2dddeec5f84a27593c0387be2ffee1ba] callUrl:http://applications.techmakers.it/dynamicpricing/?fnapp=cron&42a1420acfe326840a53388534d16b93=1&ae4399f4656440313aad4c23bbfa65c9=1&18f870454e310193898495de30d815eb=1&2dddeec5f84a27593c0387be2ffee1ba=1 

2025-07-23 10:12:41[Istance dfcf0a3b65ea25d02845cfeb8ff22675] Set max_execution_time to 150 seconds 

2025-07-23 10:12:41[Istance dfcf0a3b65ea25d02845cfeb8ff22675] lockFile:/var/www/vhosts/techmakers.it/applications.techmakers.it/dynamicpricing/misc/tmp/dfcf0a3b65ea25d02845cfeb8ff22675.lock 

2025-07-23 10:12:41[Istance dfcf0a3b65ea25d02845cfeb8ff22675] Background script launch 2025-07-23 10:12:41 

2025-07-23 10:12:41[Istance dfcf0a3b65ea25d02845cfeb8ff22675] Restarting script: http://applications.techmakers.it/dynamicpricing/?fnapp=cron&42a1420acfe326840a53388534d16b93=1&ae4399f4656440313aad4c23bbfa65c9=1&18f870454e310193898495de30d815eb=1&dfcf0a3b65ea25d02845cfeb8ff22675=1 

2025-07-23 10:12:41[Istance dfcf0a3b65ea25d02845cfeb8ff22675] callUrl:http://applications.techmakers.it/dynamicpricing/?fnapp=cron&42a1420acfe326840a53388534d16b93=1&ae4399f4656440313aad4c23bbfa65c9=1&18f870454e310193898495de30d815eb=1&dfcf0a3b65ea25d02845cfeb8ff22675=1 

2025-07-23 10:12:42[Istance e0f577835a292821650af577de05a630] Set max_execution_time to 150 seconds 

2025-07-23 10:12:42[Istance e0f577835a292821650af577de05a630] lockFile:/var/www/vhosts/techmakers.it/applications.techmakers.it/dynamicpricing/misc/tmp/e0f577835a292821650af577de05a630.lock 

2025-07-23 10:12:42[Istance e0f577835a292821650af577de05a630] Background script launch 2025-07-23 10:12:42 

2025-07-23 10:12:42[Istance e0f577835a292821650af577de05a630] Restarting script: http://applications.techmakers.it/dynamicpricing/?fnapp=cron&42a1420acfe326840a53388534d16b93=1&ae4399f4656440313aad4c23bbfa65c9=1&18f870454e310193898495de30d815eb=1&e0f577835a292821650af577de05a630=1 

2025-07-23 10:12:42[Istance e0f577835a292821650af577de05a630] callUrl:http://applications.techmakers.it/dynamicpricing/?fnapp=cron&42a1420acfe326840a53388534d16b93=1&ae4399f4656440313aad4c23bbfa65c9=1&18f870454e310193898495de30d815eb=1&e0f577835a292821650af577de05a630=1 

2025-07-23 10:12:43[Istance a851ddba691c787a74f10b2c177ac320] remainingTime < this->restartThreshold 

2025-07-23 10:12:43[Istance a851ddba691c787a74f10b2c177ac320] Restarting script: http://applications.techmakers.it/dynamicpricing/?fnapp=cron&a851ddba691c787a74f10b2c177ac320=1 

2025-07-23 10:12:43[Istance a851ddba691c787a74f10b2c177ac320] callUrl:http://applications.techmakers.it/dynamicpricing/?fnapp=cron&a851ddba691c787a74f10b2c177ac320=1 

2025-07-23 10:12:43[Istance 18f870454e310193898495de30d815eb] Set max_execution_time to 150 seconds 

2025-07-23 10:12:43[Istance 18f870454e310193898495de30d815eb] lockFile:/var/www/vhosts/techmakers.it/applications.techmakers.it/dynamicpricing/misc/tmp/18f870454e310193898495de30d815eb.lock 

2025-07-23 10:12:43[Istance 18f870454e310193898495de30d815eb] Istance 18f870454e310193898495de30d815eb 2025-07-23 10:12:43 

2025-07-23 10:12:43[Istance 18f870454e310193898495de30d815eb] Script is already running 

2025-07-23 10:12:43[Istance a851ddba691c787a74f10b2c177ac320] lockFile:/var/www/vhosts/techmakers.it/applications.techmakers.it/dynamicpricing/misc/tmp/a851ddba691c787a74f10b2c177ac320.lock 

2025-07-23 10:12:43[Istance a851ddba691c787a74f10b2c177ac320] Istance a851ddba691c787a74f10b2c177ac320 2025-07-23 10:12:43 

2025-07-23 10:12:43[Istance a851ddba691c787a74f10b2c177ac320] Script avviato 2025-07-23 10:12:43 

2025-07-23 10:12:44[Istance a851ddba691c787a74f10b2c177ac320] lockFile:/var/www/vhosts/techmakers.it/applications.techmakers.it/dynamicpricing/misc/tmp/a851ddba691c787a74f10b2c177ac320.lock 

2025-07-23 10:12:44[Istance a851ddba691c787a74f10b2c177ac320] Background script launch 2025-07-23 10:12:44 

2025-07-23 10:12:44[Istance a851ddba691c787a74f10b2c177ac320] Restarting script: http://applications.techmakers.it/dynamicpricing/?fnapp=cron&e0f577835a292821650af577de05a630=1&2dddeec5f84a27593c0387be2ffee1ba=1&a851ddba691c787a74f10b2c177ac320=1 

2025-07-23 10:12:44[Istance a851ddba691c787a74f10b2c177ac320] callUrl:http://applications.techmakers.it/dynamicpricing/?fnapp=cron&e0f577835a292821650af577de05a630=1&2dddeec5f84a27593c0387be2ffee1ba=1&a851ddba691c787a74f10b2c177ac320=1 

2025-07-23 10:12:45[Istance 2dddeec5f84a27593c0387be2ffee1ba] Set max_execution_time to 150 seconds 

2025-07-23 10:12:45[Istance 2dddeec5f84a27593c0387be2ffee1ba] lockFile:/var/www/vhosts/techmakers.it/applications.techmakers.it/dynamicpricing/misc/tmp/2dddeec5f84a27593c0387be2ffee1ba.lock 

2025-07-23 10:12:45[Istance 2dddeec5f84a27593c0387be2ffee1ba] Istance 2dddeec5f84a27593c0387be2ffee1ba 2025-07-23 10:12:45 

2025-07-23 10:12:45[Istance 2dddeec5f84a27593c0387be2ffee1ba] Script is already running 

2025-07-23 10:12:45[Istance a851ddba691c787a74f10b2c177ac320] lockFile:/var/www/vhosts/techmakers.it/applications.techmakers.it/dynamicpricing/misc/tmp/a851ddba691c787a74f10b2c177ac320.lock 

2025-07-23 10:12:45[Istance a851ddba691c787a74f10b2c177ac320] Background script launch 2025-07-23 10:12:45 

2025-07-23 10:12:45[Istance a851ddba691c787a74f10b2c177ac320] Restarting script: http://applications.techmakers.it/dynamicpricing/?fnapp=cron&e0f577835a292821650af577de05a630=1&dfcf0a3b65ea25d02845cfeb8ff22675=1&a851ddba691c787a74f10b2c177ac320=1 

2025-07-23 10:12:45[Istance a851ddba691c787a74f10b2c177ac320] callUrl:http://applications.techmakers.it/dynamicpricing/?fnapp=cron&e0f577835a292821650af577de05a630=1&dfcf0a3b65ea25d02845cfeb8ff22675=1&a851ddba691c787a74f10b2c177ac320=1 

2025-07-23 10:12:46[Istance 2dddeec5f84a27593c0387be2ffee1ba] Set max_execution_time to 150 seconds 

2025-07-23 10:12:46[Istance 2dddeec5f84a27593c0387be2ffee1ba] lockFile:/var/www/vhosts/techmakers.it/applications.techmakers.it/dynamicpricing/misc/tmp/2dddeec5f84a27593c0387be2ffee1ba.lock 

2025-07-23 10:12:46[Istance 2dddeec5f84a27593c0387be2ffee1ba] Background script launch 2025-07-23 10:12:46 

2025-07-23 10:12:46[Istance 2dddeec5f84a27593c0387be2ffee1ba] Restarting script: http://applications.techmakers.it/dynamicpricing/?fnapp=cron&e0f577835a292821650af577de05a630=1&dfcf0a3b65ea25d02845cfeb8ff22675=1&2dddeec5f84a27593c0387be2ffee1ba=1 

2025-07-23 10:12:46[Istance 2dddeec5f84a27593c0387be2ffee1ba] callUrl:http://applications.techmakers.it/dynamicpricing/?fnapp=cron&e0f577835a292821650af577de05a630=1&dfcf0a3b65ea25d02845cfeb8ff22675=1&2dddeec5f84a27593c0387be2ffee1ba=1 

2025-07-23 10:12:47[Istance dfcf0a3b65ea25d02845cfeb8ff22675] Set max_execution_time to 150 seconds 

2025-07-23 10:12:47[Istance dfcf0a3b65ea25d02845cfeb8ff22675] lockFile:/var/www/vhosts/techmakers.it/applications.techmakers.it/dynamicpricing/misc/tmp/dfcf0a3b65ea25d02845cfeb8ff22675.lock 

2025-07-23 10:12:47[Istance dfcf0a3b65ea25d02845cfeb8ff22675] Istance dfcf0a3b65ea25d02845cfeb8ff22675 2025-07-23 10:12:47 

2025-07-23 10:12:47[Istance dfcf0a3b65ea25d02845cfeb8ff22675] Script is already running 

2025-07-23 10:12:47[Istance a851ddba691c787a74f10b2c177ac320] lockFile:/var/www/vhosts/techmakers.it/applications.techmakers.it/dynamicpricing/misc/tmp/a851ddba691c787a74f10b2c177ac320.lock 

2025-07-23 10:12:47[Istance a851ddba691c787a74f10b2c177ac320] Istance a851ddba691c787a74f10b2c177ac320 2025-07-23 10:12:47 

2025-07-23 10:12:47[Istance a851ddba691c787a74f10b2c177ac320] Script is already running 

2025-07-23 10:12:47[Istance a851ddba691c787a74f10b2c177ac320] lockFile:/var/www/vhosts/techmakers.it/applications.techmakers.it/dynamicpricing/misc/tmp/a851ddba691c787a74f10b2c177ac320.lock 

2025-07-23 10:12:47[Istance a851ddba691c787a74f10b2c177ac320] Background script launch 2025-07-23 10:12:47 

2025-07-23 10:12:47[Istance a851ddba691c787a74f10b2c177ac320] Restarting script: http://applications.techmakers.it/dynamicpricing/?fnapp=cron&18f870454e310193898495de30d815eb=1&2dddeec5f84a27593c0387be2ffee1ba=1&a851ddba691c787a74f10b2c177ac320=1 

2025-07-23 10:12:47[Istance a851ddba691c787a74f10b2c177ac320] callUrl:http://applications.techmakers.it/dynamicpricing/?fnapp=cron&18f870454e310193898495de30d815eb=1&2dddeec5f84a27593c0387be2ffee1ba=1&a851ddba691c787a74f10b2c177ac320=1 

2025-07-23 10:12:48[Istance 2dddeec5f84a27593c0387be2ffee1ba] Set max_execution_time to 150 seconds 

2025-07-23 10:12:48[Istance 2dddeec5f84a27593c0387be2ffee1ba] lockFile:/var/www/vhosts/techmakers.it/applications.techmakers.it/dynamicpricing/misc/tmp/2dddeec5f84a27593c0387be2ffee1ba.lock 

2025-07-23 10:12:48[Istance 2dddeec5f84a27593c0387be2ffee1ba] Istance 2dddeec5f84a27593c0387be2ffee1ba 2025-07-23 10:12:48 

2025-07-23 10:12:48[Istance 2dddeec5f84a27593c0387be2ffee1ba] Script is already running 

2025-07-23 10:12:48[Istance a851ddba691c787a74f10b2c177ac320] lockFile:/var/www/vhosts/techmakers.it/applications.techmakers.it/dynamicpricing/misc/tmp/a851ddba691c787a74f10b2c177ac320.lock 

2025-07-23 10:12:48[Istance a851ddba691c787a74f10b2c177ac320] Background script launch 2025-07-23 10:12:48 

2025-07-23 10:12:48[Istance a851ddba691c787a74f10b2c177ac320] Restarting script: http://applications.techmakers.it/dynamicpricing/?fnapp=cron&18f870454e310193898495de30d815eb=1&dfcf0a3b65ea25d02845cfeb8ff22675=1&a851ddba691c787a74f10b2c177ac320=1 

2025-07-23 10:12:48[Istance a851ddba691c787a74f10b2c177ac320] callUrl:http://applications.techmakers.it/dynamicpricing/?fnapp=cron&18f870454e310193898495de30d815eb=1&dfcf0a3b65ea25d02845cfeb8ff22675=1&a851ddba691c787a74f10b2c177ac320=1 

2025-07-23 10:12:49[Istance 2dddeec5f84a27593c0387be2ffee1ba] Set max_execution_time to 150 seconds 

2025-07-23 10:12:49[Istance 2dddeec5f84a27593c0387be2ffee1ba] lockFile:/var/www/vhosts/techmakers.it/applications.techmakers.it/dynamicpricing/misc/tmp/2dddeec5f84a27593c0387be2ffee1ba.lock 

2025-07-23 10:12:49[Istance 2dddeec5f84a27593c0387be2ffee1ba] Background script launch 2025-07-23 10:12:49 

2025-07-23 10:12:49[Istance 2dddeec5f84a27593c0387be2ffee1ba] Restarting script: http://applications.techmakers.it/dynamicpricing/?fnapp=cron&18f870454e310193898495de30d815eb=1&dfcf0a3b65ea25d02845cfeb8ff22675=1&2dddeec5f84a27593c0387be2ffee1ba=1 

2025-07-23 10:12:49[Istance 2dddeec5f84a27593c0387be2ffee1ba] callUrl:http://applications.techmakers.it/dynamicpricing/?fnapp=cron&18f870454e310193898495de30d815eb=1&dfcf0a3b65ea25d02845cfeb8ff22675=1&2dddeec5f84a27593c0387be2ffee1ba=1 

2025-07-23 10:12:50[Istance dfcf0a3b65ea25d02845cfeb8ff22675] Set max_execution_time to 150 seconds 

2025-07-23 10:12:50[Istance dfcf0a3b65ea25d02845cfeb8ff22675] lockFile:/var/www/vhosts/techmakers.it/applications.techmakers.it/dynamicpricing/misc/tmp/dfcf0a3b65ea25d02845cfeb8ff22675.lock 

2025-07-23 10:12:50[Istance dfcf0a3b65ea25d02845cfeb8ff22675] Istance dfcf0a3b65ea25d02845cfeb8ff22675 2025-07-23 10:12:50 

2025-07-23 10:12:50[Istance dfcf0a3b65ea25d02845cfeb8ff22675] Script is already running 

2025-07-23 10:12:53[Istance 2dddeec5f84a27593c0387be2ffee1ba] Set max_execution_time to 150 seconds 

2025-07-23 10:12:53[Istance 2dddeec5f84a27593c0387be2ffee1ba] lockFile:/var/www/vhosts/techmakers.it/applications.techmakers.it/dynamicpricing/misc/tmp/2dddeec5f84a27593c0387be2ffee1ba.lock 

2025-07-23 10:12:53[Istance 2dddeec5f84a27593c0387be2ffee1ba] Background script launch 2025-07-23 10:12:53 

2025-07-23 10:12:53[Istance 2dddeec5f84a27593c0387be2ffee1ba] Restarting script: http://applications.techmakers.it/dynamicpricing/?fnapp=cron&42a1420acfe326840a53388534d16b93=1&18f870454e310193898495de30d815eb=1&dfcf0a3b65ea25d02845cfeb8ff22675=1&2dddeec5f84a27593c0387be2ffee1ba=1 

2025-07-23 10:12:53[Istance 2dddeec5f84a27593c0387be2ffee1ba] callUrl:http://applications.techmakers.it/dynamicpricing/?fnapp=cron&42a1420acfe326840a53388534d16b93=1&18f870454e310193898495de30d815eb=1&dfcf0a3b65ea25d02845cfeb8ff22675=1&2dddeec5f84a27593c0387be2ffee1ba=1 

2025-07-23 10:12:54[Istance dfcf0a3b65ea25d02845cfeb8ff22675] Set max_execution_time to 150 seconds 

2025-07-23 10:12:54[Istance dfcf0a3b65ea25d02845cfeb8ff22675] lockFile:/var/www/vhosts/techmakers.it/applications.techmakers.it/dynamicpricing/misc/tmp/dfcf0a3b65ea25d02845cfeb8ff22675.lock 

2025-07-23 10:12:54[Istance dfcf0a3b65ea25d02845cfeb8ff22675] Istance dfcf0a3b65ea25d02845cfeb8ff22675 2025-07-23 10:12:54 

2025-07-23 10:12:54[Istance dfcf0a3b65ea25d02845cfeb8ff22675] Script is already running 

2025-07-23 10:12:54[Istance e0f577835a292821650af577de05a630] Set max_execution_time to 150 seconds 

2025-07-23 10:12:54[Istance e0f577835a292821650af577de05a630] lockFile:/var/www/vhosts/techmakers.it/applications.techmakers.it/dynamicpricing/misc/tmp/e0f577835a292821650af577de05a630.lock 

2025-07-23 10:12:54[Istance e0f577835a292821650af577de05a630] Background script launch 2025-07-23 10:12:54 

2025-07-23 10:12:54[Istance e0f577835a292821650af577de05a630] Restarting script: http://applications.techmakers.it/dynamicpricing/?fnapp=cron&42a1420acfe326840a53388534d16b93=1&18f870454e310193898495de30d815eb=1&e0f577835a292821650af577de05a630=1 

2025-07-23 10:12:54[Istance e0f577835a292821650af577de05a630] callUrl:http://applications.techmakers.it/dynamicpricing/?fnapp=cron&42a1420acfe326840a53388534d16b93=1&18f870454e310193898495de30d815eb=1&e0f577835a292821650af577de05a630=1 

2025-07-23 10:12:54[Istance 18f870454e310193898495de30d815eb] Set max_execution_time to 150 seconds 

2025-07-23 10:12:54[Istance 18f870454e310193898495de30d815eb] lockFile:/var/www/vhosts/techmakers.it/applications.techmakers.it/dynamicpricing/misc/tmp/18f870454e310193898495de30d815eb.lock 

2025-07-23 10:12:54[Istance 18f870454e310193898495de30d815eb] Istance 18f870454e310193898495de30d815eb 2025-07-23 10:12:54 

2025-07-23 10:12:54[Istance 18f870454e310193898495de30d815eb] Script is already running 

2025-07-23 10:12:56[Istance ae4399f4656440313aad4c23bbfa65c9] remainingTime < this->restartThreshold 

2025-07-23 10:12:56[Istance ae4399f4656440313aad4c23bbfa65c9] Restarting script: http://applications.techmakers.it/dynamicpricing/?fnapp=cron&42a1420acfe326840a53388534d16b93=1&ae4399f4656440313aad4c23bbfa65c9=1 

2025-07-23 10:12:56[Istance ae4399f4656440313aad4c23bbfa65c9] callUrl:http://applications.techmakers.it/dynamicpricing/?fnapp=cron&42a1420acfe326840a53388534d16b93=1&ae4399f4656440313aad4c23bbfa65c9=1 

2025-07-23 10:13:03[Istance 18f870454e310193898495de30d815eb] remainingTime < this->restartThreshold 

2025-07-23 10:13:03[Istance 18f870454e310193898495de30d815eb] Restarting script: http://applications.techmakers.it/dynamicpricing/?fnapp=cron&18f870454e310193898495de30d815eb=1 

2025-07-23 10:13:03[Istance 18f870454e310193898495de30d815eb] callUrl:http://applications.techmakers.it/dynamicpricing/?fnapp=cron&18f870454e310193898495de30d815eb=1 

2025-07-23 10:13:48[Istance 42a1420acfe326840a53388534d16b93] remainingTime < this->restartThreshold 

2025-07-23 10:13:48[Istance 42a1420acfe326840a53388534d16b93] Restarting script: http://applications.techmakers.it/dynamicpricing/?fnapp=cron&42a1420acfe326840a53388534d16b93=1 

2025-07-23 10:13:48[Istance 42a1420acfe326840a53388534d16b93] callUrl:http://applications.techmakers.it/dynamicpricing/?fnapp=cron&42a1420acfe326840a53388534d16b93=1 

2025-07-23 10:13:49[Istance 2dddeec5f84a27593c0387be2ffee1ba] remainingTime < this->restartThreshold 

2025-07-23 10:13:49[Istance 2dddeec5f84a27593c0387be2ffee1ba] Restarting script: http://applications.techmakers.it/dynamicpricing/?fnapp=cron&42a1420acfe326840a53388534d16b93=1&18f870454e310193898495de30d815eb=1&e0f577835a292821650af577de05a630=1&dfcf0a3b65ea25d02845cfeb8ff22675=1&2dddeec5f84a27593c0387be2ffee1ba=1 

2025-07-23 10:13:49[Istance 2dddeec5f84a27593c0387be2ffee1ba] callUrl:http://applications.techmakers.it/dynamicpricing/?fnapp=cron&42a1420acfe326840a53388534d16b93=1&18f870454e310193898495de30d815eb=1&e0f577835a292821650af577de05a630=1&dfcf0a3b65ea25d02845cfeb8ff22675=1&2dddeec5f84a27593c0387be2ffee1ba=1 

2025-07-23 10:14:26[Istance dfcf0a3b65ea25d02845cfeb8ff22675] remainingTime < this->restartThreshold 

2025-07-23 10:14:26[Istance dfcf0a3b65ea25d02845cfeb8ff22675] Restarting script: http://applications.techmakers.it/dynamicpricing/?fnapp=cron&42a1420acfe326840a53388534d16b93=1&ae4399f4656440313aad4c23bbfa65c9=1&dfcf0a3b65ea25d02845cfeb8ff22675=1 

2025-07-23 10:14:26[Istance dfcf0a3b65ea25d02845cfeb8ff22675] callUrl:http://applications.techmakers.it/dynamicpricing/?fnapp=cron&42a1420acfe326840a53388534d16b93=1&ae4399f4656440313aad4c23bbfa65c9=1&dfcf0a3b65ea25d02845cfeb8ff22675=1 

2025-07-23 10:14:31[Istance e0f577835a292821650af577de05a630] remainingTime < this->restartThreshold 

2025-07-23 10:14:31[Istance e0f577835a292821650af577de05a630] Restarting script: http://applications.techmakers.it/dynamicpricing/?fnapp=cron&42a1420acfe326840a53388534d16b93=1&ae4399f4656440313aad4c23bbfa65c9=1&e0f577835a292821650af577de05a630=1 

2025-07-23 10:14:31[Istance e0f577835a292821650af577de05a630] callUrl:http://applications.techmakers.it/dynamicpricing/?fnapp=cron&42a1420acfe326840a53388534d16b93=1&ae4399f4656440313aad4c23bbfa65c9=1&e0f577835a292821650af577de05a630=1 

2025-07-23 10:14:34[Istance a851ddba691c787a74f10b2c177ac320] remainingTime < this->restartThreshold 

2025-07-23 10:14:34[Istance a851ddba691c787a74f10b2c177ac320] Restarting script: http://applications.techmakers.it/dynamicpricing/?fnapp=cron&e0f577835a292821650af577de05a630=1&a851ddba691c787a74f10b2c177ac320=1 

2025-07-23 10:14:34[Istance a851ddba691c787a74f10b2c177ac320] callUrl:http://applications.techmakers.it/dynamicpricing/?fnapp=cron&e0f577835a292821650af577de05a630=1&a851ddba691c787a74f10b2c177ac320=1 
